10:53:31: Creating resource group General
10:53:31: Creating resource group OgreInternal
10:53:31: Creating resource group OgreAutodetect
10:53:31: SceneManagerFactory for type 'DefaultSceneManager' registered.
10:53:31: Registering ResourceManager for type Material
10:53:31: Registering ResourceManager for type Mesh
10:53:31: Registering ResourceManager for type Skeleton
10:53:31: MovableObjectFactory for type 'ParticleSystem' registered.
10:53:31: ArchiveFactory for type 'FileSystem' registered
10:53:31: ArchiveFactory for type 'Zip' registered
10:53:31: ArchiveFactory for type 'EmbeddedZip' registered
10:53:31: DDS codec registering
10:53:31: ETC codec registering
10:53:31: ASTC codec registering
10:53:31: Registering ResourceManager for type GpuProgram
10:53:31: Registering ResourceManager for type Compositor
10:53:31: MovableObjectFactory for type 'Entity' registered.
10:53:31: MovableObjectFactory for type 'Light' registered.
10:53:31: MovableObjectFactory for type 'BillboardSet' registered.
10:53:31: MovableObjectFactory for type 'ManualObject' registered.
10:53:31: MovableObjectFactory for type 'BillboardChain' registered.
10:53:31: MovableObjectFactory for type 'RibbonTrail' registered.
10:53:31: MovableObjectFactory for type 'StaticGeometry' registered.
10:53:31: MovableObjectFactory for type 'Rectangle2D' registered.
10:53:31: Error: Cannot open file: plugins.cfg - skipping automatic plugin loading
10:53:31: *-*-* OGRE Initialising
10:53:31: *-*-* Version 14.1.2 (Tsathoggua)
